time="2021-08-29T23:39:53+03:00" level=info msg="start server" func="main.main()" file="main.go:33"
time="2021-08-30T14:42:05+03:00" level=info msg="create router" func="main.main()" file="main.go:12"
time="2021-08-30T14:42:05+03:00" level=info msg="start server" func="main.main()" file="main.go:21"
time="2021-08-30T14:45:34+03:00" level=info msg="create router" func="main.main()" file="main.go:12"
time="2021-08-30T14:45:34+03:00" level=info msg="start server" func="main.main()" file="main.go:21"
time="2021-08-30T14:49:15+03:00" level=info msg="create router" func="main.main()" file="main.go:12"
time="2021-08-30T14:49:15+03:00" level=info msg="start server" func="main.main()" file="main.go:21"
time="2021-08-30T14:51:17+03:00" level=info msg="create router" func="main.main()" file="main.go:12"
time="2021-08-30T14:51:17+03:00" level=info msg="start server" func="main.main()" file="main.go:21"
time="2021-08-30T14:52:26+03:00" level=info msg="create router" func="main.main()" file="main.go:12"
time="2021-08-30T14:52:26+03:00" level=info msg="start server" func="main.main()" file="main.go:21"
time="2021-08-30T14:53:36+03:00" level=info msg="create router" func="main.main()" file="main.go:12"
time="2021-08-30T14:53:36+03:00" level=info msg="start server" func="main.main()" file="main.go:21"
time="2021-08-30T14:54:50+03:00" level=info msg="create router" func="main.main()" file="main.go:12"
time="2021-08-30T14:54:50+03:00" level=info msg="start server" func="main.main()" file="main.go:21"
time="2021-08-30T14:59:25+03:00" level=info msg="create router" func="main.main()" file="main.go:12"
time="2021-08-30T14:59:25+03:00" level=info msg="start server" func="main.main()" file="main.go:21"
time="2021-08-30T14:59:36+03:00" level=info msg=s func="genesis/pkg.(*Connector).GetBTC()" file="connector.go:29"
time="2021-08-30T15:01:31+03:00" level=info msg="create router" func="main.main()" file="main.go:12"
time="2021-08-30T15:01:31+03:00" level=info msg="start server" func="main.main()" file="main.go:21"
time="2021-08-30T15:01:42+03:00" level=info msg="getting BTC" func="genesis/pkg.(*Connector).GetBTC()" file="connector.go:29"
time="2021-08-30T15:01:42+03:00" level=info msg="Btc = {{BTC UAH 1310395.64614530} true }" func="genesis/pkg.(*Connector).GetBTC()" file="connector.go:41"
time="2021-09-02T14:41:36+03:00" level=info msg="create router" func="main.main()" file="main.go:12"
time="2021-09-02T14:41:36+03:00" level=info msg="start server" func="main.main()" file="main.go:21"
time="2021-09-07T15:15:38+03:00" level=info msg="create router" func="main.main()" file="main.go:13"
time="2021-09-07T15:15:38+03:00" level=info msg="start server" func="main.main()" file="main.go:22"
time="2021-09-07T15:15:54+03:00" level=info msg="getting BTC" func="genesis/pkg.(*Connector).GetBTC()" file="connector.go:28"
time="2021-09-07T16:50:35+03:00" level=info msg="create router" func="main.main()" file="main.go:15"
time="2021-09-07T16:50:35+03:00" level=info msg="start server" func="main.main()" file="main.go:24"
time="2021-09-08T12:48:20+03:00" level=info msg="create router" func="main.main()" file="main.go:15"
time="2021-09-08T12:48:20+03:00" level=info msg="start server" func="main.main()" file="main.go:24"
time="2021-09-08T23:03:17+03:00" level=info msg="getting BTC" func="genesis/pkg.(*Connector).GetBTC()" file="connector.go:28"
time="2021-09-08T23:27:12+03:00" level=info msg="getting BTC" func="genesis/pkg.(*Connector).GetBTC()" file="connector.go:28"
